<?xml version="1.0" encoding="UTF-8"?>
<testng-results skipped="0" failed="0" total="1" passed="1">
  <reporter-output>
  </reporter-output>
  <suite name="Suite" duration-ms="37740" started-at="2024-12-09T17:07:41Z" finished-at="2024-12-09T17:08:19Z">
    <groups>
    </groups>
    <test name="Test" duration-ms="37740" started-at="2024-12-09T17:07:41Z" finished-at="2024-12-09T17:08:19Z">
      <class name="com.Hrms.tests.TestPIMPage">
        <test-method status="PASS" signature="setup()[pri:0, instance:com.Hrms.tests.TestPIMPage@2cb4c3ab]" name="setup" is-config="true" duration-ms="10662" started-at="2024-12-09T22:37:41Z" finished-at="2024-12-09T22:37:52Z">
          <reporter-output>
          </reporter-output>
        </test-method> <!-- setup -->
        <test-method status="PASS" signature="deleteEmployee()[pri:0, instance:com.Hrms.tests.TestPIMPage@2cb4c3ab]" name="deleteEmployee" duration-ms="27032" started-at="2024-12-09T22:37:52Z" description="Verify that an employee can be deleted successfully" finished-at="2024-12-09T22:38:19Z">
          <reporter-output>
          </reporter-output>
        </test-method> <!-- deleteEmployee -->
        <test-method status="PASS" signature="close()[pri:0, instance:com.Hrms.tests.TestPIMPage@2cb4c3ab]" name="close" is-config="true" duration-ms="3" started-at="2024-12-09T22:38:19Z" finished-at="2024-12-09T22:38:19Z">
          <reporter-output>
          </reporter-output>
        </test-method> <!-- close -->
      </class> <!-- com.Hrms.tests.TestPIMPage -->
    </test> <!-- Test -->
  </suite> <!-- Suite -->
</testng-results>
