<?xml version="1.0" encoding="UTF-8"?>
<testng-results skipped="0" failed="0" total="1" passed="1">
  <reporter-output>
  </reporter-output>
  <suite name="Suite" duration-ms="38191" started-at="2025-01-06T09:37:48Z" finished-at="2025-01-06T09:38:27Z">
    <groups>
    </groups>
    <test name="Test" duration-ms="38191" started-at="2025-01-06T09:37:48Z" finished-at="2025-01-06T09:38:27Z">
      <class name="com.Hrms.tests.TestPIMPage">
        <test-method status="PASS" signature="setup()[pri:0, instance:com.Hrms.tests.TestPIMPage@2cb4c3ab]" name="setup" is-config="true" duration-ms="11576" started-at="2025-01-06T15:07:48Z" finished-at="2025-01-06T15:08:00Z">
          <reporter-output>
          </reporter-output>
        </test-method> <!-- setup -->
        <test-method status="PASS" signature="deleteEmployee()[pri:0, instance:com.Hrms.tests.TestPIMPage@2cb4c3ab]" name="deleteEmployee" duration-ms="26559" started-at="2025-01-06T15:08:00Z" description="Verify that an employee can be deleted successfully" finished-at="2025-01-06T15:08:27Z">
          <reporter-output>
          </reporter-output>
        </test-method> <!-- deleteEmployee -->
        <test-method status="PASS" signature="close()[pri:0, instance:com.Hrms.tests.TestPIMPage@2cb4c3ab]" name="close" is-config="true" duration-ms="1" started-at="2025-01-06T15:08:27Z" finished-at="2025-01-06T15:08:27Z">
          <reporter-output>
          </reporter-output>
        </test-method> <!-- close -->
      </class> <!-- com.Hrms.tests.TestPIMPage -->
    </test> <!-- Test -->
  </suite> <!-- Suite -->
</testng-results>
